<?xml version="1.0" encoding="UTF-8"?>
<!-- Generated by org.testng.reporters.JUnitReportReporter -->
<testsuite hostname="IN-GB78473" failures="0" tests="1" name="loginTC.Login_TC" time="40.467" errors="0" timestamp="2023-06-27T21:33:19 IST" skipped="0">
  <testcase classname="loginTC.Login_TC" name="login" time="40.467"/>
</testsuite> <!-- loginTC.Login_TC -->
